2024-06-08 11:00:05 DEBUG User login attempt successful for user admin
2024-06-08 11:03:27 ERROR Failed to retrieve data from API endpoint /api/data
2024-06-08 11:05:55 WARNING CPU temperature exceeds threshold at 95C
2024-06-08 11:15:07 INFO User session expired for user guest
2024-06-08 11:20:41 CRITICAL System crash reported by kernel
2024-06-08 11:23:12 DEBUG Configuration file updated successfully
2024-06-08 11:25:33 ERROR Permission denied while accessing file /etc/secure
2024-06-08 11:30:00 INFO Scheduled maintenance starting at 23:00
2024-06-08 11:35:42 WARNING Low disk space on /dev/sdb1
2024-06-08 11:45:53 CRITICAL Hardware failure detected on RAID controller
2024-06-08 11:50:29 DEBUG Network latency normal within expected range
2024-06-08 11:55:31 ERROR Database connection timeout at 192.168.1.5
2024-06-08 12:00:10 INFO Daily data backup started
2024-06-08 12:05:20 INFO Daily data backup completed successfully
2024-06-08 12:10:35 DEBUG Request received for user profile update
2024-06-08 12:15:00 INFO New user registered: username guest123
2024-06-08 12:20:47 INFO Email sent to user@example.com with registration details
2024-06-08 12:25:53 DEBUG Session data updated for user admin
2024-06-08 12:30:11 INFO File uploaded successfully: /uploads/report.pdf
2024-06-08 12:35:22 DEBUG API call /api/user/data fetched successfully
2024-06-08 12:40:33 INFO Monthly analytics report generated
2024-06-08 12:45:44 INFO Scheduled scan for updates started
2024-06-08 12:50:55 INFO No updates found, system is up-to-date
2024-06-08 12:55:06 DEBUG Cleanup operations completed successfully
